# JRE version: OpenJDK Runtime Environment (8.0_191-b12) (build 1.8.0_191-8u191-b12-2ubuntu0.18.04.1-b12)
# Java VM: OpenJDK 64-Bit Server VM (25.191-b12 mixed mode linux-amd64 compressed oops)
Heap:
 PSYoungGen      total 1761792K, used 238176K [0x000000072ab00000, 0x00000007beb00000, 0x00000007c0000000)
  eden space 1114624K, 0% used [0x000000072ab00000,0x000000072ab00000,0x000000076eb80000)
  from space 647168K, 36% used [0x0000000795e80000,0x00000007a47181e8,0x00000007bd680000)
  to   space 642048K, 0% used [0x000000076eb80000,0x000000076eb80000,0x0000000795e80000)
 ParOldGen       total 2611200K, used 2610851K [0x0000000600000000, 0x000000069f600000, 0x000000072ab00000)
  object space 2611200K, 99% used [0x0000000600000000,0x000000069f5a8c18,0x000000069f600000)
 Metaspace       used 9690K, capacity 9864K, committed 10112K, reserved 1058816K
  class space    used 1073K, capacity 1152K, committed 1152K, reserved 1048576K
GC Heap History (10 events):
Event: 107,612 GC heap after
Heap after GC invocations=88 (full 8):
 PSYoungGen      total 1751040K, used 500784K [0x000000072ab00000, 0x00000007c0000000, 0x00000007c0000000)
  eden space 1050624K, 0% used [0x000000072ab00000,0x000000072ab00000,0x000000076ad00000)
  from space 700416K, 71% used [0x0000000795400000,0x00000007b3d0c220,0x00000007c0000000)
  to   space 695296K, 0% used [0x000000076ad00000,0x000000076ad00000,0x0000000795400000)
 ParOldGen       total 2611200K, used 2241528K [0x0000000600000000, 0x000000069f600000, 0x000000072ab00000)
  object space 2611200K, 85% used [0x0000000600000000,0x0000000688cfe160,0x000000069f600000)
 Metaspace       used 9690K, capacity 9864K, committed 10112K, reserved 1058816K
  class space    used 1073K, capacity 1152K, committed 1152K, reserved 1048576K
}
Event: 108,508 GC heap before
{Heap before GC invocations=89 (full 8):
 PSYoungGen      total 1751040K, used 1551408K [0x000000072ab00000, 0x00000007c0000000, 0x00000007c0000000)
  eden space 1050624K, 100% used [0x000000072ab00000,0x000000076ad00000,0x000000076ad00000)
  from space 700416K, 71% used [0x0000000795400000,0x00000007b3d0c220,0x00000007c0000000)
  to   space 695296K, 0% used [0x000000076ad00000,0x000000076ad00000,0x0000000795400000)
 ParOldGen       total 2611200K, used 2241528K [0x0000000600000000, 0x000000069f600000, 0x000000072ab00000)
  object space 2611200K, 85% used [0x0000000600000000,0x0000000688cfe160,0x000000069f600000)
 Metaspace       used 9690K, capacity 9864K, committed 10112K, reserved 1058816K
  class space    used 1073K, capacity 1152K, committed 1152K, reserved 1048576K
Event: 108,809 GC heap after
Heap after GC invocations=89 (full 8):
 PSYoungGen      total 1521664K, used 470991K [0x000000072ab00000, 0x00000007bda00000, 0x00000007c0000000)
  eden space 1050624K, 0% used [0x000000072ab00000,0x000000072ab00000,0x000000076ad00000)
  from space 471040K, 99% used [0x000000076ad00000,0x00000007878f3f70,0x0000000787900000)
  to   space 678400K, 0% used [0x0000000794380000,0x0000000794380000,0x00000007bda00000)
 ParOldGen       total 2611200K, used 2304794K [0x0000000600000000, 0x000000069f600000, 0x000000072ab00000)
  object space 2611200K, 88% used [0x0000000600000000,0x000000068cac6900,0x000000069f600000)
 Metaspace       used 9690K, capacity 9864K, committed 10112K, reserved 1058816K
  class space    used 1073K, capacity 1152K, committed 1152K, reserved 1048576K
}
Event: 109,707 GC heap before
{Heap before GC invocations=90 (full 8):
 PSYoungGen      total 1521664K, used 1521615K [0x000000072ab00000, 0x00000007bda00000, 0x00000007c0000000)
  eden space 1050624K, 100% used [0x000000072ab00000,0x000000076ad00000,0x000000076ad00000)
  from space 471040K, 99% used [0x000000076ad00000,0x00000007878f3f70,0x0000000787900000)
  to   space 678400K, 0% used [0x0000000794380000,0x0000000794380000,0x00000007bda00000)
 ParOldGen       total 2611200K, used 2304794K [0x0000000600000000, 0x000000069f600000, 0x000000072ab00000)
  object space 2611200K, 88% used [0x0000000600000000,0x000000068cac6900,0x000000069f600000)
 Metaspace       used 9690K, capacity 9864K, committed 10112K, reserved 1058816K
  class space    used 1073K, capacity 1152K, committed 1152K, reserved 1048576K
Event: 109,973 GC heap after
Heap after GC invocations=90 (full 8):
 PSYoungGen      total 1748992K, used 436559K [0x000000072ab00000, 0x00000007c0000000, 0x00000007c0000000)
  eden space 1070592K, 0% used [0x000000072ab00000,0x000000072ab00000,0x000000076c080000)
  from space 678400K, 64% used [0x0000000794380000,0x00000007aedd3c20,0x00000007bda00000)
  to   space 658432K, 0% used [0x000000076c080000,0x000000076c080000,0x0000000794380000)
 ParOldGen       total 2611200K, used 2373212K [0x0000000600000000, 0x000000069f600000, 0x000000072ab00000)
  object space 2611200K, 90% used [0x0000000600000000,0x0000000690d97170,0x000000069f600000)
 Metaspace       used 9690K, capacity 9864K, committed 10112K, reserved 1058816K
  class space    used 1073K, capacity 1152K, committed 1152K, reserved 1048576K
}
Event: 110,917 GC heap before
{Heap before GC invocations=91 (full 8):
 PSYoungGen      total 1748992K, used 1507151K [0x000000072ab00000, 0x00000007c0000000, 0x00000007c0000000)
  eden space 1070592K, 100% used [0x000000072ab00000,0x000000076c080000,0x000000076c080000)
  from space 678400K, 64% used [0x0000000794380000,0x00000007aedd3c20,0x00000007bda00000)
  to   space 658432K, 0% used [0x000000076c080000,0x000000076c080000,0x0000000794380000)
 ParOldGen       total 2611200K, used 2373212K [0x0000000600000000, 0x000000069f600000, 0x000000072ab00000)
  object space 2611200K, 90% used [0x0000000600000000,0x0000000690d97170,0x000000069f600000)
 Metaspace       used 9690K, capacity 9864K, committed 10112K, reserved 1058816K
  class space    used 1073K, capacity 1152K, committed 1152K, reserved 1048576K
Event: 111,232 GC heap after
Heap after GC invocations=91 (full 8):
 PSYoungGen      total 1729024K, used 398350K [0x000000072ab00000, 0x00000007bd680000, 0x00000007c0000000)
  eden space 1070592K, 0% used [0x000000072ab00000,0x000000072ab00000,0x000000076c080000)
  from space 658432K, 60% used [0x000000076c080000,0x0000000784583840,0x0000000794380000)
  to   space 647168K, 0% used [0x0000000795e80000,0x0000000795e80000,0x00000007bd680000)
 ParOldGen       total 2611200K, used 2446326K [0x0000000600000000, 0x000000069f600000, 0x000000072ab00000)
  object space 2611200K, 93% used [0x0000000600000000,0x00000006954fdab0,0x000000069f600000)
 Metaspace       used 9690K, capacity 9864K, committed 10112K, reserved 1058816K
  class space    used 1073K, capacity 1152K, committed 1152K, reserved 1048576K
}
Event: 112,171 GC heap before
{Heap before GC invocations=92 (full 8):
 PSYoungGen      total 1729024K, used 1468942K [0x000000072ab00000, 0x00000007bd680000, 0x00000007c0000000)
  eden space 1070592K, 100% used [0x000000072ab00000,0x000000076c080000,0x000000076c080000)
  from space 658432K, 60% used [0x000000076c080000,0x0000000784583840,0x0000000794380000)
  to   space 647168K, 0% used [0x0000000795e80000,0x0000000795e80000,0x00000007bd680000)
 ParOldGen       total 2611200K, used 2446326K [0x0000000600000000, 0x000000069f600000, 0x000000072ab00000)
  object space 2611200K, 93% used [0x0000000600000000,0x00000006954fdab0,0x000000069f600000)
 Metaspace       used 9690K, capacity 9864K, committed 10112K, reserved 1058816K
  class space    used 1073K, capacity 1152K, committed 1152K, reserved 1048576K
Event: 112,483 GC heap after
Heap after GC invocations=92 (full 8):
 PSYoungGen      total 1761792K, used 355788K [0x000000072ab00000, 0x00000007beb00000, 0x00000007c0000000)
  eden space 1114624K, 0% used [0x000000072ab00000,0x000000072ab00000,0x000000076eb80000)
  from space 647168K, 54% used [0x0000000795e80000,0x00000007ab9f3390,0x00000007bd680000)
  to   space 642048K, 0% used [0x000000076eb80000,0x000000076eb80000,0x0000000795e80000)
 ParOldGen       total 2611200K, used 2523721K [0x0000000600000000, 0x000000069f600000, 0x000000072ab00000)
  object space 2611200K, 96% used [0x0000000600000000,0x000000069a0924d0,0x000000069f600000)
 Metaspace       used 9690K, capacity 9864K, committed 10112K, reserved 1058816K
  class space    used 1073K, capacity 1152K, committed 1152K, reserved 1048576K
}
Event: 112,484 GC heap before
{Heap before GC invocations=93 (full 9):
 PSYoungGen      total 1761792K, used 355788K [0x000000072ab00000, 0x00000007beb00000, 0x00000007c0000000)
  eden space 1114624K, 0% used [0x000000072ab00000,0x000000072ab00000,0x000000076eb80000)
  from space 647168K, 54% used [0x0000000795e80000,0x00000007ab9f3390,0x00000007bd680000)
  to   space 642048K, 0% used [0x000000076eb80000,0x000000076eb80000,0x0000000795e80000)
 ParOldGen       total 2611200K, used 2523721K [0x0000000600000000, 0x000000069f600000, 0x000000072ab00000)
  object space 2611200K, 96% used [0x0000000600000000,0x000000069a0924d0,0x000000069f600000)
 Metaspace       used 9690K, capacity 9864K, committed 10112K, reserved 1058816K
  class space    used 1073K, capacity 1152K, committed 1152K, reserved 1048576K

