# JRE version: OpenJDK Runtime Environment (8.0_191-b12) (build 1.8.0_191-8u191-b12-2ubuntu0.18.04.1-b12)
# Java VM: OpenJDK 64-Bit Server VM (25.191-b12 mixed mode linux-amd64 compressed oops)
Heap:
 PSYoungGen      total 2128384K, used 0K [0x000000072ab00000, 0x00000007c0000000, 0x00000007c0000000)
  eden space 1974272K, 0% used [0x000000072ab00000,0x000000072ab00000,0x00000007a3300000)
  from space 154112K, 0% used [0x00000007b5a80000,0x00000007b5a80000,0x00000007bf100000)
  to   space 236032K, 0% used [0x00000007a3300000,0x00000007a3300000,0x00000007b1980000)
 ParOldGen       total 2796544K, used 2318454K [0x0000000600000000, 0x00000006aab00000, 0x000000072ab00000)
  object space 2796544K, 82% used [0x0000000600000000,0x000000068d81db50,0x00000006aab00000)
 Metaspace       used 9699K, capacity 9872K, committed 10112K, reserved 1058816K
  class space    used 1072K, capacity 1152K, committed 1152K, reserved 1048576K
GC Heap History (10 events):
Event: 47,281 GC heap after
Heap after GC invocations=30 (full 0):
 PSYoungGen      total 2259456K, used 90722K [0x000000072ab00000, 0x00000007bef80000, 0x00000007c0000000)
  eden space 2083840K, 0% used [0x000000072ab00000,0x000000072ab00000,0x00000007a9e00000)
  from space 175616K, 51% used [0x00000007b4400000,0x00000007b9c989c0,0x00000007bef80000)
  to   space 169984K, 0% used [0x00000007a9e00000,0x00000007a9e00000,0x00000007b4400000)
 ParOldGen       total 2796544K, used 2234257K [0x0000000600000000, 0x00000006aab00000, 0x000000072ab00000)
  object space 2796544K, 79% used [0x0000000600000000,0x00000006885e4460,0x00000006aab00000)
 Metaspace       used 9699K, capacity 9872K, committed 10112K, reserved 1058816K
  class space    used 1072K, capacity 1152K, committed 1152K, reserved 1048576K
}
Event: 49,083 GC heap before
{Heap before GC invocations=31 (full 0):
 PSYoungGen      total 2259456K, used 2174562K [0x000000072ab00000, 0x00000007bef80000, 0x00000007c0000000)
  eden space 2083840K, 100% used [0x000000072ab00000,0x00000007a9e00000,0x00000007a9e00000)
  from space 175616K, 51% used [0x00000007b4400000,0x00000007b9c989c0,0x00000007bef80000)
  to   space 169984K, 0% used [0x00000007a9e00000,0x00000007a9e00000,0x00000007b4400000)
 ParOldGen       total 2796544K, used 2234257K [0x0000000600000000, 0x00000006aab00000, 0x000000072ab00000)
  object space 2796544K, 79% used [0x0000000600000000,0x00000006885e4460,0x00000006aab00000)
 Metaspace       used 9699K, capacity 9872K, committed 10112K, reserved 1058816K
  class space    used 1072K, capacity 1152K, committed 1152K, reserved 1048576K
Event: 49,319 GC heap after
Heap after GC invocations=31 (full 0):
 PSYoungGen      total 2253824K, used 91010K [0x000000072ab00000, 0x00000007bef80000, 0x00000007c0000000)
  eden space 2083840K, 0% used [0x000000072ab00000,0x000000072ab00000,0x00000007a9e00000)
  from space 169984K, 53% used [0x00000007a9e00000,0x00000007af6e0a00,0x00000007b4400000)
  to   space 164352K, 0% used [0x00000007b4f00000,0x00000007b4f00000,0x00000007bef80000)
 ParOldGen       total 2796544K, used 2325075K [0x0000000600000000, 0x00000006aab00000, 0x000000072ab00000)
  object space 2796544K, 83% used [0x0000000600000000,0x000000068de94e10,0x00000006aab00000)
 Metaspace       used 9699K, capacity 9872K, committed 10112K, reserved 1058816K
  class space    used 1072K, capacity 1152K, committed 1152K, reserved 1048576K
}
Event: 51,129 GC heap before
{Heap before GC invocations=32 (full 0):
 PSYoungGen      total 2253824K, used 2174850K [0x000000072ab00000, 0x00000007bef80000, 0x00000007c0000000)
  eden space 2083840K, 100% used [0x000000072ab00000,0x00000007a9e00000,0x00000007a9e00000)
  from space 169984K, 53% used [0x00000007a9e00000,0x00000007af6e0a00,0x00000007b4400000)
  to   space 164352K, 0% used [0x00000007b4f00000,0x00000007b4f00000,0x00000007bef80000)
 ParOldGen       total 2796544K, used 2325075K [0x0000000600000000, 0x00000006aab00000, 0x000000072ab00000)
  object space 2796544K, 83% used [0x0000000600000000,0x000000068de94e10,0x00000006aab00000)
 Metaspace       used 9699K, capacity 9872K, committed 10112K, reserved 1058816K
  class space    used 1072K, capacity 1152K, committed 1152K, reserved 1048576K
Event: 51,359 GC heap after
Heap after GC invocations=32 (full 0):
 PSYoungGen      total 2270208K, used 91650K [0x000000072ab00000, 0x00000007bf080000, 0x00000007c0000000)
  eden space 2105856K, 0% used [0x000000072ab00000,0x000000072ab00000,0x00000007ab380000)
  from space 164352K, 55% used [0x00000007b4f00000,0x00000007ba880a50,0x00000007bef80000)
  to   space 159232K, 0% used [0x00000007ab380000,0x00000007ab380000,0x00000007b4f00000)
 ParOldGen       total 2796544K, used 2416198K [0x0000000600000000, 0x00000006aab00000, 0x000000072ab00000)
  object space 2796544K, 86% used [0x0000000600000000,0x0000000693791810,0x00000006aab00000)
 Metaspace       used 9699K, capacity 9872K, committed 10112K, reserved 1058816K
  class space    used 1072K, capacity 1152K, committed 1152K, reserved 1048576K
}
Event: 53,199 GC heap before
{Heap before GC invocations=33 (full 0):
 PSYoungGen      total 2270208K, used 2197506K [0x000000072ab00000, 0x00000007bf080000, 0x00000007c0000000)
  eden space 2105856K, 100% used [0x000000072ab00000,0x00000007ab380000,0x00000007ab380000)
  from space 164352K, 55% used [0x00000007b4f00000,0x00000007ba880a50,0x00000007bef80000)
  to   space 159232K, 0% used [0x00000007ab380000,0x00000007ab380000,0x00000007b4f00000)
 ParOldGen       total 2796544K, used 2416198K [0x0000000600000000, 0x00000006aab00000, 0x000000072ab00000)
  object space 2796544K, 86% used [0x0000000600000000,0x0000000693791810,0x00000006aab00000)
 Metaspace       used 9699K, capacity 9872K, committed 10112K, reserved 1058816K
  class space    used 1072K, capacity 1152K, committed 1152K, reserved 1048576K
Event: 53,395 GC heap after
Heap after GC invocations=33 (full 0):
 PSYoungGen      total 2265088K, used 92962K [0x000000072ab00000, 0x00000007bf100000, 0x00000007c0000000)
  eden space 2105856K, 0% used [0x000000072ab00000,0x000000072ab00000,0x00000007ab380000)
  from space 159232K, 58% used [0x00000007ab380000,0x00000007b0e48ad0,0x00000007b4f00000)
  to   space 154112K, 0% used [0x00000007b5a80000,0x00000007b5a80000,0x00000007bf100000)
 ParOldGen       total 2796544K, used 2507952K [0x0000000600000000, 0x00000006aab00000, 0x000000072ab00000)
  object space 2796544K, 89% used [0x0000000600000000,0x000000069912c260,0x00000006aab00000)
 Metaspace       used 9699K, capacity 9872K, committed 10112K, reserved 1058816K
  class space    used 1072K, capacity 1152K, committed 1152K, reserved 1048576K
}
Event: 55,608 GC heap before
{Heap before GC invocations=34 (full 0):
 PSYoungGen      total 2265088K, used 2198818K [0x000000072ab00000, 0x00000007bf100000, 0x00000007c0000000)
  eden space 2105856K, 100% used [0x000000072ab00000,0x00000007ab380000,0x00000007ab380000)
  from space 159232K, 58% used [0x00000007ab380000,0x00000007b0e48ad0,0x00000007b4f00000)
  to   space 154112K, 0% used [0x00000007b5a80000,0x00000007b5a80000,0x00000007bf100000)
 ParOldGen       total 2796544K, used 2507952K [0x0000000600000000, 0x00000006aab00000, 0x000000072ab00000)
  object space 2796544K, 89% used [0x0000000600000000,0x000000069912c260,0x00000006aab00000)
 Metaspace       used 9699K, capacity 9872K, committed 10112K, reserved 1058816K
  class space    used 1072K, capacity 1152K, committed 1152K, reserved 1048576K
Event: 55,931 GC heap after
Heap after GC invocations=34 (full 0):
 PSYoungGen      total 2128384K, used 154100K [0x000000072ab00000, 0x00000007c0000000, 0x00000007c0000000)
  eden space 1974272K, 0% used [0x000000072ab00000,0x000000072ab00000,0x00000007a3300000)
  from space 154112K, 99% used [0x00000007b5a80000,0x00000007bf0fd390,0x00000007bf100000)
  to   space 236032K, 0% used [0x00000007a3300000,0x00000007a3300000,0x00000007b1980000)
 ParOldGen       total 2796544K, used 2687819K [0x0000000600000000, 0x00000006aab00000, 0x000000072ab00000)
  object space 2796544K, 96% used [0x0000000600000000,0x00000006a40d2ff0,0x00000006aab00000)
 Metaspace       used 9699K, capacity 9872K, committed 10112K, reserved 1058816K
  class space    used 1072K, capacity 1152K, committed 1152K, reserved 1048576K
}
Event: 55,947 GC heap before
{Heap before GC invocations=35 (full 1):
 PSYoungGen      total 2128384K, used 154100K [0x000000072ab00000, 0x00000007c0000000, 0x00000007c0000000)
  eden space 1974272K, 0% used [0x000000072ab00000,0x000000072ab00000,0x00000007a3300000)
  from space 154112K, 99% used [0x00000007b5a80000,0x00000007bf0fd390,0x00000007bf100000)
  to   space 236032K, 0% used [0x00000007a3300000,0x00000007a3300000,0x00000007b1980000)
 ParOldGen       total 2796544K, used 2687819K [0x0000000600000000, 0x00000006aab00000, 0x000000072ab00000)
  object space 2796544K, 96% used [0x0000000600000000,0x00000006a40d2ff0,0x00000006aab00000)
 Metaspace       used 9699K, capacity 9872K, committed 10112K, reserved 1058816K
  class space    used 1072K, capacity 1152K, committed 1152K, reserved 1048576K

